2023-12-16 17:51:05,797 - root - INFO - table created : book_54
2023-12-16 17:51:05,817 - root - INFO - columns has been added
2023-12-16 17:51:05,824 - root - INFO - Test case: test_add_columns_into_table passed
2023-12-16 17:51:05,945 - root - INFO - BookShelf : creation successful
2023-12-16 17:51:05,947 - root - INFO - Test case: test_create_table passed
2023-12-16 17:51:05,952 - root - INFO - Table 'BookShelf' has been deleted.
2023-12-16 17:51:06,057 - root - INFO - Table 'BookShelf' has been deleted.
2023-12-16 17:51:06,059 - root - INFO - Test case: test_drop_table_from_db passed
2023-12-16 17:51:06,179 - root - INFO - BookShelf : creation successful
2023-12-16 17:51:06,181 - root - INFO - Test case: test_read_all_data_from_table passed
2023-12-16 17:51:06,182 - root - INFO - data from table : []
2023-12-16 17:51:06,182 - root - INFO - Test case: test_read_all_data_from_table passed
2023-12-16 17:51:06,187 - root - INFO - Table 'BookShelf' has been deleted.
2023-12-16 17:53:55,910 - root - INFO - table created : book_11
2023-12-16 17:53:55,948 - root - INFO - columns has been added
2023-12-16 17:53:55,976 - root - INFO - Test case: test_add_columns_into_table passed
2023-12-16 17:53:56,522 - root - INFO - BookShelf : creation successful
2023-12-16 17:53:56,529 - root - INFO - Test case: test_create_table passed
2023-12-16 17:53:56,555 - root - INFO - Table 'BookShelf' has been deleted.
2023-12-16 17:53:57,038 - root - INFO - Table 'BookShelf' has been deleted.
2023-12-16 17:53:57,045 - root - INFO - Test case: test_drop_table_from_db passed
2023-12-16 17:53:57,411 - root - INFO - BookShelf : creation successful
2023-12-16 17:53:57,418 - root - INFO - Test case: test_read_all_data_from_table passed
2023-12-16 17:53:57,423 - root - INFO - data from table : []
2023-12-16 17:53:57,424 - root - INFO - Test case: test_read_all_data_from_table passed
2023-12-16 17:53:57,450 - root - INFO - Table 'BookShelf' has been deleted.
2023-12-16 17:54:11,633 - root - INFO - creating db engine ...
2023-12-16 17:54:11,721 - root - INFO - creating session ...
2023-12-16 17:54:11,877 - root - INFO - creating my_table ...
2023-12-16 17:54:11,903 - root - INFO - creating my_table ...
2023-12-16 17:54:12,134 - root - INFO - index has been created at : idx_name
2023-12-16 17:54:12,153 - root - INFO - creating db engine ...
2023-12-16 17:54:12,154 - root - INFO - creating session ...
2023-12-16 17:54:12,395 - root - INFO - creating my_table ...
2023-12-16 17:54:12,445 - root - INFO - creating my_table ...
2023-12-16 17:54:12,458 - root - INFO - creating db engine ...
2023-12-16 17:54:12,460 - root - INFO - creating session ...
2023-12-16 17:54:12,690 - root - INFO - creating my_table ...
2023-12-16 17:54:12,737 - root - INFO - creating my_table ...
2023-12-16 17:54:12,758 - root - INFO - table : my_table has been deleted ...
2023-12-16 17:55:23,844 - root - INFO - Test case: test_delete_data passed
2023-12-16 17:55:23,847 - root - INFO - Teardown Successful
2023-12-16 17:55:24,163 - root - INFO - Test case: test_insert_data passed
2023-12-16 17:55:24,165 - root - INFO - Teardown Successful
2023-12-16 17:55:24,477 - root - INFO - Test case: test_query_data passed
2023-12-16 17:55:24,479 - root - INFO - Teardown Successful
2023-12-16 17:55:24,686 - root - INFO - Test case: test_update_data passed
2023-12-16 17:55:24,687 - root - INFO - Teardown Successful
2023-12-16 18:03:55,144 - root - INFO - Setup Starting ...
2023-12-16 18:03:55,420 - root - INFO - Test case: test_delete_data passed
2023-12-16 18:03:55,421 - root - INFO - Teardown Successful
2023-12-16 18:03:55,427 - root - INFO - Setup Starting ...
2023-12-16 18:03:55,639 - root - INFO - Test case: test_insert_data passed
2023-12-16 18:03:55,640 - root - INFO - Teardown Successful
2023-12-16 18:03:55,647 - root - INFO - Setup Starting ...
2023-12-16 18:03:55,948 - root - INFO - Test case: test_query_data passed
2023-12-16 18:03:55,949 - root - INFO - Teardown Successful
2023-12-16 18:03:55,957 - root - INFO - Setup Starting ...
2023-12-16 18:03:56,359 - root - INFO - Test case: test_update_data passed
2023-12-16 18:03:56,361 - root - INFO - Teardown Successful
2023-12-16 18:17:44,210 - root - INFO - Setup Starting ...
2023-12-16 18:17:44,776 - root - INFO - table created : book_83
2023-12-16 18:17:44,804 - root - INFO - columns has been added
2023-12-16 18:17:44,833 - root - INFO - Test case: test_add_columns_into_table passed
2023-12-16 18:17:44,839 - root - INFO - Teardown Successful
2023-12-16 18:17:44,847 - root - INFO - Setup Starting ...
2023-12-16 18:17:45,339 - root - INFO - BookShelf : creation successful
2023-12-16 18:17:53,823 - root - INFO - Setup Starting ...
2023-12-16 18:17:53,879 - root - INFO - creating db engine ...
2023-12-16 18:17:53,884 - root - INFO - creating session ...
2023-12-16 18:17:53,992 - root - INFO - creating my_table ...
2023-12-16 18:17:54,012 - root - INFO - creating my_table ...
2023-12-16 18:17:54,106 - root - INFO - index has been created at : idx_name
2023-12-16 18:17:54,114 - root - INFO - Test case: test_create_index passed
2023-12-16 18:17:54,116 - root - INFO - Teardown Successful
2023-12-16 18:17:54,123 - root - INFO - Setup Starting ...
2023-12-16 18:17:54,126 - root - INFO - creating db engine ...
2023-12-16 18:17:54,129 - root - INFO - creating session ...
2023-12-16 18:17:54,261 - root - INFO - creating my_table ...
2023-12-16 18:17:54,296 - root - INFO - creating my_table ...
2023-12-16 18:17:54,311 - root - INFO - Test case: test_create_table_if_not_exists passed
2023-12-16 18:17:54,317 - root - INFO - Teardown Successful
2023-12-16 18:17:54,333 - root - INFO - Setup Starting ...
2023-12-16 18:17:54,339 - root - INFO - creating db engine ...
2023-12-16 18:17:54,348 - root - INFO - creating session ...
2023-12-16 18:17:54,571 - root - INFO - creating my_table ...
2023-12-16 18:17:54,598 - root - INFO - creating my_table ...
2023-12-16 18:17:54,612 - root - INFO - table : my_table has been deleted ...
2023-12-16 18:17:54,617 - root - INFO - Test case: test_drop_table passed
2023-12-16 18:17:54,620 - root - INFO - Teardown Successful
2023-12-16 18:18:03,655 - root - INFO - Setup Starting ...
2023-12-16 18:18:04,146 - root - INFO - table created : book_80
2023-12-16 18:18:04,183 - root - INFO - columns has been added
2023-12-16 18:18:04,210 - root - INFO - Test case: test_add_columns_into_table passed
2023-12-16 18:18:04,241 - root - INFO - Table 'BookShelf' has been deleted.
2023-12-16 18:18:04,242 - root - INFO - Teardown Successful
2023-12-16 18:18:04,249 - root - INFO - Setup Starting ...
2023-12-16 18:18:04,504 - root - INFO - BookShelf : creation successful
2023-12-16 18:18:04,506 - root - INFO - Test case: test_create_table passed
2023-12-16 18:18:04,515 - root - INFO - Table 'BookShelf' has been deleted.
2023-12-16 18:18:04,515 - root - INFO - Teardown Successful
2023-12-16 18:18:04,516 - root - INFO - Setup Starting ...
2023-12-16 18:18:04,691 - root - INFO - Table 'BookShelf' has been deleted.
2023-12-16 18:18:04,694 - root - INFO - Test case: test_drop_table_from_db passed
2023-12-16 18:18:04,698 - root - INFO - Teardown Successful
2023-12-16 18:18:04,701 - root - INFO - Setup Starting ...
2023-12-16 18:18:05,136 - root - INFO - BookShelf : creation successful
2023-12-16 18:18:05,146 - root - INFO - Test case: test_read_all_data_from_table passed
2023-12-16 18:18:05,152 - root - INFO - data from table : []
2023-12-16 18:18:05,153 - root - INFO - Test case: test_read_all_data_from_table passed
2023-12-16 18:18:05,179 - root - INFO - Table 'BookShelf' has been deleted.
2023-12-16 18:18:05,179 - root - INFO - Teardown Successful
2023-12-16 18:18:05,560 - root - INFO - Setup Starting ...
2023-12-16 18:18:05,566 - root - INFO - creating db engine ...
2023-12-16 18:18:05,568 - root - INFO - creating session ...
2023-12-16 18:18:05,653 - root - INFO - creating my_table ...
2023-12-16 18:18:05,690 - root - INFO - creating my_table ...
2023-12-16 18:18:05,824 - root - INFO - index has been created at : idx_name
2023-12-16 18:18:05,829 - root - INFO - Test case: test_create_index passed
2023-12-16 18:18:05,831 - root - INFO - Teardown Successful
2023-12-16 18:18:05,835 - root - INFO - Setup Starting ...
2023-12-16 18:18:05,837 - root - INFO - creating db engine ...
2023-12-16 18:18:05,839 - root - INFO - creating session ...
2023-12-16 18:18:05,930 - root - INFO - creating my_table ...
2023-12-16 18:18:05,963 - root - INFO - creating my_table ...
2023-12-16 18:18:05,969 - root - INFO - Test case: test_create_table_if_not_exists passed
2023-12-16 18:18:05,973 - root - INFO - Teardown Successful
2023-12-16 18:18:05,980 - root - INFO - Setup Starting ...
2023-12-16 18:18:05,983 - root - INFO - creating db engine ...
2023-12-16 18:18:05,987 - root - INFO - creating session ...
2023-12-16 18:18:06,123 - root - INFO - creating my_table ...
2023-12-16 18:18:06,161 - root - INFO - creating my_table ...
2023-12-16 18:18:06,176 - root - INFO - table : my_table has been deleted ...
2023-12-16 18:18:06,181 - root - INFO - Test case: test_drop_table passed
2023-12-16 18:18:06,184 - root - INFO - Teardown Successful
2023-12-16 18:18:06,308 - root - INFO - Setup Starting ...
2023-12-16 18:18:06,599 - root - INFO - Test case: test_delete_data passed
2023-12-16 18:18:06,604 - root - INFO - Teardown Successful
2023-12-16 18:18:06,611 - root - INFO - Setup Starting ...
2023-12-16 18:18:06,826 - root - INFO - Test case: test_insert_data passed
2023-12-16 18:18:06,831 - root - INFO - Teardown Successful
2023-12-16 18:18:06,839 - root - INFO - Setup Starting ...
2023-12-16 18:18:07,018 - root - INFO - Test case: test_query_data passed
2023-12-16 18:18:07,022 - root - INFO - Teardown Successful
2023-12-16 18:18:07,028 - root - INFO - Setup Starting ...
2023-12-16 18:18:07,262 - root - INFO - Test case: test_update_data passed
2023-12-16 18:18:07,264 - root - INFO - Teardown Successful
2023-12-16 18:22:06,300 - root - INFO - Setup Starting ...
2023-12-16 18:22:06,674 - root - INFO - table created : book_48
2023-12-16 18:22:06,682 - root - INFO - Teardown Successful
2023-12-16 18:22:07,267 - root - INFO - Setup Starting ...
2023-12-16 18:22:07,615 - root - INFO - table created : book_55
2023-12-16 18:22:07,628 - root - INFO - columns has been added
2023-12-16 18:22:07,640 - root - INFO - Test case: test_add_columns_into_table passed
2023-12-16 18:22:07,642 - root - INFO - Teardown Successful
2023-12-16 18:22:07,645 - root - INFO - Setup Starting ...
2023-12-16 18:22:08,044 - root - INFO - BookShelf : creation successful
2023-12-16 18:22:08,051 - root - INFO - Test case: test_create_table passed
2023-12-16 18:22:08,076 - root - INFO - Table 'BookShelf' has been deleted.
2023-12-16 18:22:08,078 - root - INFO - Teardown Successful
2023-12-16 18:22:08,084 - root - INFO - Setup Starting ...
2023-12-16 18:22:08,468 - root - INFO - Table 'BookShelf' has been deleted.
2023-12-16 18:22:08,471 - root - INFO - Test case: test_drop_table_from_db passed
2023-12-16 18:22:08,475 - root - INFO - Teardown Successful
2023-12-16 18:22:08,479 - root - INFO - Setup Starting ...
2023-12-16 18:22:08,972 - root - INFO - BookShelf : creation successful
2023-12-16 18:22:08,979 - root - INFO - Test case: test_read_all_data_from_table passed
2023-12-16 18:22:08,986 - root - INFO - data from table : []
2023-12-16 18:22:08,987 - root - INFO - Test case: test_read_all_data_from_table passed
2023-12-16 18:22:09,018 - root - INFO - Table 'BookShelf' has been deleted.
2023-12-16 18:22:09,018 - root - INFO - Teardown Successful
2023-12-16 18:22:09,368 - root - INFO - Setup Starting ...
2023-12-16 18:22:09,375 - root - INFO - creating db engine ...
2023-12-16 18:22:09,377 - root - INFO - creating session ...
2023-12-16 18:22:09,528 - root - INFO - creating my_table ...
2023-12-16 18:22:09,577 - root - INFO - creating my_table ...
2023-12-16 18:22:09,815 - root - INFO - index has been created at : idx_name
2023-12-16 18:22:09,828 - root - INFO - Test case: test_create_index passed
2023-12-16 18:22:09,834 - root - INFO - Teardown Successful
2023-12-16 18:22:09,846 - root - INFO - Setup Starting ...
2023-12-16 18:22:09,852 - root - INFO - creating db engine ...
2023-12-16 18:22:09,859 - root - INFO - creating session ...
2023-12-16 18:22:10,027 - root - INFO - creating my_table ...
2023-12-16 18:22:10,087 - root - INFO - creating my_table ...
2023-12-16 18:22:10,099 - root - INFO - Test case: test_create_table_if_not_exists passed
2023-12-16 18:22:10,104 - root - INFO - Teardown Successful
2023-12-16 18:22:10,115 - root - INFO - Setup Starting ...
2023-12-16 18:22:10,119 - root - INFO - creating db engine ...
2023-12-16 18:22:10,126 - root - INFO - creating session ...
2023-12-16 18:22:10,311 - root - INFO - creating my_table ...
2023-12-16 18:22:10,346 - root - INFO - creating my_table ...
2023-12-16 18:22:10,361 - root - INFO - table : my_table has been deleted ...
2023-12-16 18:22:10,367 - root - INFO - Test case: test_drop_table passed
2023-12-16 18:22:10,372 - root - INFO - Teardown Successful
2023-12-16 18:22:10,690 - root - INFO - Setup Starting ...
2023-12-16 18:22:10,882 - root - INFO - Test case: test_delete_data passed
2023-12-16 18:22:10,886 - root - INFO - Teardown Successful
2023-12-16 18:22:10,894 - root - INFO - Setup Starting ...
2023-12-16 18:22:11,194 - root - INFO - Test case: test_insert_data passed
2023-12-16 18:22:11,199 - root - INFO - Teardown Successful
2023-12-16 18:22:11,211 - root - INFO - Setup Starting ...
2023-12-16 18:22:11,522 - root - INFO - Test case: test_query_data passed
2023-12-16 18:22:11,525 - root - INFO - Teardown Successful
2023-12-16 18:22:11,528 - root - INFO - Setup Starting ...
2023-12-16 18:22:11,655 - root - INFO - Test case: test_update_data passed
2023-12-16 18:22:11,658 - root - INFO - Teardown Successful
2023-12-16 18:22:44,479 - root - INFO - Setup Starting ...
2023-12-16 18:22:45,261 - root - INFO - table created : book_37
2023-12-16 18:22:45,272 - root - INFO - Teardown Successful
2023-12-16 18:22:47,606 - root - INFO - Setup Starting ...
2023-12-16 18:22:48,150 - root - INFO - table created : book_29
2023-12-16 18:22:48,175 - root - INFO - Teardown Successful
2023-12-16 18:22:50,239 - root - INFO - Setup Starting ...
2023-12-16 18:22:50,897 - root - INFO - table created : book_74
2023-12-16 18:22:50,936 - root - INFO - columns has been added
2023-12-16 18:22:50,989 - root - INFO - Test case: test_add_columns_into_table passed
2023-12-16 18:22:51,005 - root - INFO - Teardown Successful
2023-12-16 18:22:51,017 - root - INFO - Setup Starting ...
2023-12-16 18:22:51,576 - root - INFO - BookShelf : creation successful
2023-12-16 18:22:51,587 - root - INFO - Test case: test_create_table passed
2023-12-16 18:22:51,617 - root - INFO - Table 'BookShelf' has been deleted.
2023-12-16 18:22:51,619 - root - INFO - Teardown Successful
2023-12-16 18:22:51,633 - root - INFO - Setup Starting ...
2023-12-16 18:22:52,346 - root - INFO - Table 'BookShelf' has been deleted.
2023-12-16 18:22:52,356 - root - INFO - Test case: test_drop_table_from_db passed
2023-12-16 18:22:52,367 - root - INFO - Teardown Successful
2023-12-16 18:22:52,382 - root - INFO - Setup Starting ...
2023-12-16 18:22:53,008 - root - INFO - BookShelf : creation successful
2023-12-16 18:22:53,020 - root - INFO - Test case: test_read_all_data_from_table passed
2023-12-16 18:22:53,028 - root - INFO - data from table : []
2023-12-16 18:22:53,029 - root - INFO - Test case: test_read_all_data_from_table passed
2023-12-16 18:22:53,056 - root - INFO - Table 'BookShelf' has been deleted.
2023-12-16 18:22:53,057 - root - INFO - Teardown Successful
2023-12-16 18:23:05,220 - root - INFO - Setup Starting ...
2023-12-16 18:23:05,229 - root - INFO - creating db engine ...
2023-12-16 18:23:05,232 - root - INFO - creating session ...
2023-12-16 18:23:05,310 - root - INFO - creating my_table ...
2023-12-16 18:23:05,334 - root - INFO - creating my_table ...
2023-12-16 18:23:05,614 - root - INFO - index has been created at : idx_name
2023-12-16 18:23:05,623 - root - INFO - Test case: test_create_index passed
2023-12-16 18:23:05,627 - root - INFO - Teardown Successful
2023-12-16 18:23:05,636 - root - INFO - Setup Starting ...
2023-12-16 18:23:05,639 - root - INFO - creating db engine ...
2023-12-16 18:23:05,643 - root - INFO - creating session ...
2023-12-16 18:23:05,784 - root - INFO - creating my_table ...
2023-12-16 18:23:05,823 - root - INFO - creating my_table ...
2023-12-16 18:23:05,835 - root - INFO - Test case: test_create_table_if_not_exists passed
2023-12-16 18:23:05,842 - root - INFO - Teardown Successful
2023-12-16 18:23:05,857 - root - INFO - Setup Starting ...
2023-12-16 18:23:05,864 - root - INFO - creating db engine ...
2023-12-16 18:23:05,872 - root - INFO - creating session ...
2023-12-16 18:23:06,111 - root - INFO - creating my_table ...
2023-12-16 18:23:06,170 - root - INFO - creating my_table ...
2023-12-16 18:23:06,198 - root - INFO - table : my_table has been deleted ...
2023-12-16 18:23:06,210 - root - INFO - Test case: test_drop_table passed
2023-12-16 18:23:06,218 - root - INFO - Teardown Successful
2023-12-16 18:23:16,931 - root - INFO - Setup Starting ...
2023-12-16 18:23:17,118 - root - INFO - Test case: test_delete_data passed
2023-12-16 18:23:17,121 - root - INFO - Teardown Successful
2023-12-16 18:23:17,129 - root - INFO - Setup Starting ...
2023-12-16 18:23:17,235 - root - INFO - Test case: test_insert_data passed
2023-12-16 18:23:17,238 - root - INFO - Teardown Successful
2023-12-16 18:23:17,245 - root - INFO - Setup Starting ...
2023-12-16 18:23:17,355 - root - INFO - Test case: test_query_data passed
2023-12-16 18:23:17,360 - root - INFO - Teardown Successful
2023-12-16 18:23:17,371 - root - INFO - Setup Starting ...
2023-12-16 18:23:17,584 - root - INFO - Test case: test_update_data passed
2023-12-16 18:23:17,590 - root - INFO - Teardown Successful
2023-12-16 18:25:01,276 - root - INFO - Setup Starting ...
2023-12-16 18:25:02,479 - root - INFO - table created : book_11
2023-12-16 18:25:02,501 - root - INFO - Teardown Successful
2023-12-16 18:25:04,572 - root - INFO - Setup Starting ...
2023-12-16 18:25:04,843 - root - INFO - table created : book_81
2023-12-16 18:25:04,848 - root - INFO - Teardown Successful
2023-12-16 18:25:07,112 - root - INFO - Setup Starting ...
2023-12-16 18:25:07,630 - root - INFO - table created : book_92
2023-12-16 18:25:07,647 - root - INFO - Teardown Successful
2023-12-16 18:25:09,314 - root - INFO - Setup Starting ...
2023-12-16 18:25:09,906 - root - INFO - BookShelf : creation successful
2023-12-16 18:25:09,917 - root - INFO - Test case: test_create_table passed
2023-12-16 18:25:09,948 - root - INFO - Table 'BookShelf' has been deleted.
2023-12-16 18:25:09,950 - root - INFO - Teardown Successful
2023-12-16 18:25:09,965 - root - INFO - Setup Starting ...
2023-12-16 18:25:10,605 - root - INFO - Table 'BookShelf' has been deleted.
2023-12-16 18:25:10,611 - root - INFO - Test case: test_drop_table_from_db passed
2023-12-16 18:25:10,617 - root - INFO - Teardown Successful
2023-12-16 18:25:10,625 - root - INFO - Setup Starting ...
2023-12-16 18:25:11,153 - root - INFO - BookShelf : creation successful
2023-12-16 18:25:11,161 - root - INFO - Test case: test_read_all_data_from_table passed
2023-12-16 18:25:11,168 - root - INFO - data from table : []
2023-12-16 18:25:11,168 - root - INFO - Test case: test_read_all_data_from_table passed
2023-12-16 18:25:11,191 - root - INFO - Table 'BookShelf' has been deleted.
2023-12-16 18:25:11,192 - root - INFO - Teardown Successful
2023-12-16 18:25:11,832 - root - INFO - Setup Starting ...
2023-12-16 18:25:11,857 - root - INFO - creating db engine ...
2023-12-16 18:25:11,863 - root - INFO - creating session ...
2023-12-16 18:25:12,017 - root - INFO - creating my_table ...
2023-12-16 18:25:12,074 - root - INFO - creating my_table ...
2023-12-16 18:25:12,449 - root - INFO - index has been created at : idx_name
2023-12-16 18:25:12,471 - root - INFO - Test case: test_create_index passed
2023-12-16 18:25:12,483 - root - INFO - Teardown Successful
2023-12-16 18:25:12,504 - root - INFO - Setup Starting ...
2023-12-16 18:25:12,514 - root - INFO - creating db engine ...
2023-12-16 18:25:12,524 - root - INFO - creating session ...
2023-12-16 18:25:12,665 - root - INFO - creating my_table ...
2023-12-16 18:25:12,716 - root - INFO - creating my_table ...
2023-12-16 18:25:12,735 - root - INFO - Test case: test_create_table_if_not_exists passed
2023-12-16 18:25:12,746 - root - INFO - Teardown Successful
2023-12-16 18:25:12,771 - root - INFO - Setup Starting ...
2023-12-16 18:25:12,781 - root - INFO - creating db engine ...
2023-12-16 18:25:12,792 - root - INFO - creating session ...
2023-12-16 18:25:13,053 - root - INFO - creating my_table ...
2023-12-16 18:25:13,117 - root - INFO - creating my_table ...
2023-12-16 18:25:13,150 - root - INFO - table : my_table has been deleted ...
2023-12-16 18:25:13,163 - root - INFO - Test case: test_drop_table passed
2023-12-16 18:25:13,174 - root - INFO - Teardown Successful
2023-12-16 18:25:13,718 - root - INFO - Setup Starting ...
2023-12-16 18:25:14,097 - root - INFO - Test case: test_delete_data passed
2023-12-16 18:25:14,105 - root - INFO - Teardown Successful
2023-12-16 18:25:14,118 - root - INFO - Setup Starting ...
2023-12-16 18:25:14,334 - root - INFO - Test case: test_insert_data passed
2023-12-16 18:25:14,341 - root - INFO - Teardown Successful
2023-12-16 18:25:14,355 - root - INFO - Setup Starting ...
2023-12-16 18:25:14,559 - root - INFO - Test case: test_query_data passed
2023-12-16 18:25:14,565 - root - INFO - Teardown Successful
2023-12-16 18:25:14,579 - root - INFO - Setup Starting ...
2023-12-16 18:25:14,760 - root - INFO - Test case: test_update_data passed
2023-12-16 18:25:14,767 - root - INFO - Teardown Successful
2023-12-16 18:30:30,503 - root - INFO - Setup Starting ...
2023-12-16 18:30:30,897 - root - INFO - table created : book_48
2023-12-16 18:30:30,903 - root - INFO - Teardown Successful
2023-12-16 18:30:31,547 - root - INFO - Setup Starting ...
2023-12-16 18:30:31,939 - root - INFO - table created : book_58
2023-12-16 18:30:31,975 - root - INFO - columns has been added
2023-12-16 18:30:32,004 - root - INFO - Test case: test_add_columns_into_table passed
2023-12-16 18:30:32,011 - root - INFO - Teardown Successful
2023-12-16 18:30:32,037 - root - INFO - Setup Starting ...
2023-12-16 18:30:32,577 - root - INFO - BookShelf : creation successful
2023-12-16 18:30:32,584 - root - INFO - Test case: test_create_table passed
2023-12-16 18:30:32,610 - root - INFO - Table 'BookShelf' has been deleted.
2023-12-16 18:30:32,611 - root - INFO - Teardown Successful
2023-12-16 18:30:32,618 - root - INFO - Setup Starting ...
2023-12-16 18:30:33,098 - root - INFO - Table 'BookShelf' has been deleted.
2023-12-16 18:30:33,105 - root - INFO - Test case: test_drop_table_from_db passed
2023-12-16 18:30:33,112 - root - INFO - Teardown Successful
2023-12-16 18:30:33,120 - root - INFO - Setup Starting ...
2023-12-16 18:30:33,524 - root - INFO - BookShelf : creation successful
2023-12-16 18:30:33,529 - root - INFO - Test case: test_read_all_data_from_table passed
2023-12-16 18:30:33,533 - root - INFO - data from table : []
2023-12-16 18:30:33,535 - root - INFO - Test case: test_read_all_data_from_table passed
2023-12-16 18:30:33,558 - root - INFO - Table 'BookShelf' has been deleted.
2023-12-16 18:30:33,558 - root - INFO - Teardown Successful
2023-12-16 18:33:22,502 - root - INFO - Setup Starting ...
2023-12-16 18:33:23,077 - root - INFO - table created : book_28
2023-12-16 18:33:23,104 - root - INFO - columns has been added
2023-12-16 18:33:23,122 - root - INFO - Test case: test_add_columns_into_table passed
2023-12-16 18:33:23,126 - root - INFO - Teardown Successful
2023-12-16 18:33:23,130 - root - INFO - Setup Starting ...
2023-12-16 18:33:23,455 - root - INFO - BookShelf : creation successful
2023-12-16 18:33:23,460 - root - INFO - Test case: test_create_table passed
2023-12-16 18:33:23,475 - root - INFO - Table 'BookShelf' has been deleted.
2023-12-16 18:33:23,475 - root - INFO - Teardown Successful
2023-12-16 18:33:23,480 - root - INFO - Setup Starting ...
2023-12-16 18:33:23,813 - root - INFO - Table 'BookShelf' has been deleted.
2023-12-16 18:33:23,819 - root - INFO - Test case: test_drop_table_from_db passed
2023-12-16 18:33:23,825 - root - INFO - Teardown Successful
2023-12-16 18:33:23,832 - root - INFO - Setup Starting ...
2023-12-16 18:33:24,383 - root - INFO - BookShelf : creation successful
2023-12-16 18:33:24,391 - root - INFO - Test case: test_read_all_data_from_table passed
2023-12-16 18:33:24,396 - root - INFO - data from table : []
2023-12-16 18:33:24,398 - root - INFO - Test case: test_read_all_data_from_table passed
2023-12-16 18:33:24,424 - root - INFO - Table 'BookShelf' has been deleted.
2023-12-16 18:33:24,425 - root - INFO - Teardown Successful
2023-12-16 18:33:26,833 - root - INFO - Setup Starting ...
2023-12-16 18:33:26,834 - root - INFO - creating db engine ...
2023-12-16 18:33:26,947 - root - INFO - creating session ...
2023-12-16 18:33:27,112 - root - INFO - creating my_table ...
2023-12-16 18:33:27,146 - root - INFO - creating my_table ...
2023-12-16 18:33:27,293 - root - INFO - index has been created at : idx_name
2023-12-16 18:33:27,299 - root - INFO - Test case: test_create_index passed
2023-12-16 18:33:27,299 - root - INFO - Teardown Successful
2023-12-16 18:33:27,304 - root - INFO - Setup Starting ...
2023-12-16 18:33:27,304 - root - INFO - creating db engine ...
2023-12-16 18:33:27,305 - root - INFO - creating session ...
2023-12-16 18:33:27,445 - root - INFO - creating my_table ...
2023-12-16 18:33:27,478 - root - INFO - creating my_table ...
2023-12-16 18:33:27,482 - root - INFO - Test case: test_create_table_if_not_exists passed
2023-12-16 18:33:27,483 - root - INFO - Teardown Successful
2023-12-16 18:33:27,486 - root - INFO - Setup Starting ...
2023-12-16 18:33:27,487 - root - INFO - creating db engine ...
2023-12-16 18:33:27,488 - root - INFO - creating session ...
2023-12-16 18:33:27,598 - root - INFO - creating my_table ...
2023-12-16 18:33:27,616 - root - INFO - creating my_table ...
2023-12-16 18:33:27,624 - root - INFO - table : my_table has been deleted ...
2023-12-16 18:33:27,624 - root - INFO - Test case: test_drop_table passed
2023-12-16 18:33:27,625 - root - INFO - Teardown Successful
2023-12-16 18:33:29,924 - root - INFO - Setup Starting ...
2023-12-16 18:33:30,494 - root - INFO - Test case: test_delete_data passed
2023-12-16 18:33:30,494 - root - INFO - Teardown Successful
2023-12-16 18:33:30,504 - root - INFO - Setup Starting ...
2023-12-16 18:33:30,622 - root - INFO - Test case: test_insert_data passed
2023-12-16 18:33:30,623 - root - INFO - Teardown Successful
2023-12-16 18:33:30,625 - root - INFO - Setup Starting ...
2023-12-16 18:33:30,733 - root - INFO - Test case: test_query_data passed
2023-12-16 18:33:30,733 - root - INFO - Teardown Successful
2023-12-16 18:33:30,736 - root - INFO - Setup Starting ...
2023-12-16 18:33:31,008 - root - INFO - Test case: test_update_data passed
2023-12-16 18:33:31,009 - root - INFO - Teardown Successful
2023-12-16 18:36:34,110 - root - INFO - Setup Starting ...
2023-12-16 18:36:34,519 - root - INFO - table created : book_83
2023-12-16 18:36:34,526 - root - INFO - Teardown Successful
2023-12-16 18:36:35,049 - root - INFO - Setup Starting ...
2023-12-16 18:36:35,393 - root - INFO - table created : book_31
2023-12-16 18:36:35,420 - root - INFO - columns has been added
2023-12-16 18:36:35,447 - root - INFO - Test case: test_add_columns_into_table passed
2023-12-16 18:36:35,454 - root - INFO - Teardown Successful
2023-12-16 18:36:35,469 - root - INFO - Setup Starting ...
2023-12-16 18:36:36,028 - root - INFO - BookShelf : creation successful
2023-12-16 18:36:36,035 - root - INFO - Test case: test_create_table passed
2023-12-16 18:36:36,061 - root - INFO - Table 'BookShelf' has been deleted.
2023-12-16 18:36:36,062 - root - INFO - Teardown Successful
2023-12-16 18:36:36,069 - root - INFO - Setup Starting ...
2023-12-16 18:36:36,417 - root - INFO - Table 'BookShelf' has been deleted.
2023-12-16 18:36:36,423 - root - INFO - Test case: test_drop_table_from_db passed
2023-12-16 18:36:36,435 - root - INFO - Teardown Successful
2023-12-16 18:36:36,441 - root - INFO - Setup Starting ...
2023-12-16 18:36:36,947 - root - INFO - BookShelf : creation successful
2023-12-16 18:36:36,954 - root - INFO - Test case: test_read_all_data_from_table passed
2023-12-16 18:36:36,961 - root - INFO - data from table : []
2023-12-16 18:36:36,961 - root - INFO - Test case: test_read_all_data_from_table passed
2023-12-16 18:36:36,987 - root - INFO - Table 'BookShelf' has been deleted.
2023-12-16 18:36:36,988 - root - INFO - Teardown Successful
2023-12-16 18:36:39,443 - root - INFO - Setup Starting ...
2023-12-16 18:36:39,444 - root - INFO - creating db engine ...
2023-12-16 18:36:39,556 - root - INFO - creating session ...
2023-12-16 18:36:39,726 - root - INFO - creating my_table ...
2023-12-16 18:36:39,770 - root - INFO - creating my_table ...
2023-12-16 18:36:40,022 - root - INFO - index has been created at : idx_name
2023-12-16 18:36:40,033 - root - INFO - Test case: test_create_index passed
2023-12-16 18:36:40,034 - root - INFO - Teardown Successful
2023-12-16 18:36:40,043 - root - INFO - Setup Starting ...
2023-12-16 18:36:40,044 - root - INFO - creating db engine ...
2023-12-16 18:36:40,045 - root - INFO - creating session ...
2023-12-16 18:36:40,288 - root - INFO - creating my_table ...
2023-12-16 18:36:40,336 - root - INFO - creating my_table ...
2023-12-16 18:36:40,343 - root - INFO - Test case: test_create_table_if_not_exists passed
2023-12-16 18:36:40,344 - root - INFO - Teardown Successful
2023-12-16 18:36:40,352 - root - INFO - Setup Starting ...
2023-12-16 18:36:40,353 - root - INFO - creating db engine ...
2023-12-16 18:36:40,354 - root - INFO - creating session ...
2023-12-16 18:36:40,696 - root - INFO - creating my_table ...
2023-12-16 18:36:40,749 - root - INFO - creating my_table ...
2023-12-16 18:36:40,770 - root - INFO - table : my_table has been deleted ...
2023-12-16 18:36:40,774 - root - INFO - Test case: test_drop_table passed
2023-12-16 18:36:40,775 - root - INFO - Teardown Successful
2023-12-16 18:36:43,444 - root - INFO - Setup Starting ...
2023-12-16 18:36:43,706 - root - INFO - Test case: test_delete_data passed
2023-12-16 18:36:43,706 - root - INFO - Teardown Successful
2023-12-16 18:36:43,712 - root - INFO - Setup Starting ...
2023-12-16 18:36:44,068 - root - INFO - Test case: test_insert_data passed
2023-12-16 18:36:44,070 - root - INFO - Teardown Successful
2023-12-16 18:36:44,077 - root - INFO - Setup Starting ...
2023-12-16 18:36:44,223 - root - INFO - Test case: test_query_data passed
2023-12-16 18:36:44,223 - root - INFO - Teardown Successful
2023-12-16 18:36:44,225 - root - INFO - Setup Starting ...
2023-12-16 18:36:44,380 - root - INFO - Test case: test_update_data passed
2023-12-16 18:36:44,381 - root - INFO - Teardown Successful
2023-12-16 18:38:44,299 - root - INFO - Setup Starting ...
2023-12-16 18:38:44,863 - root - INFO - table created : book_85
2023-12-16 18:38:44,873 - root - INFO - Teardown Successful
2023-12-16 18:38:45,380 - root - INFO - Setup Starting ...
2023-12-16 18:38:45,764 - root - INFO - table created : book_28
2023-12-16 18:38:45,774 - root - INFO - Teardown Successful
2023-12-16 18:38:46,154 - root - INFO - Setup Starting ...
2023-12-16 18:38:46,497 - root - INFO - table created : book_81
2023-12-16 18:38:46,507 - root - INFO - Teardown Successful
2023-12-16 18:38:46,900 - root - INFO - Setup Starting ...
2023-12-16 18:38:47,251 - root - INFO - BookShelf : creation successful
2023-12-16 18:38:47,259 - root - INFO - Test case: test_create_table passed
2023-12-16 18:38:47,285 - root - INFO - Table 'BookShelf' has been deleted.
2023-12-16 18:38:47,285 - root - INFO - Teardown Successful
2023-12-16 18:38:47,292 - root - INFO - Setup Starting ...
2023-12-16 18:38:47,778 - root - INFO - Table 'BookShelf' has been deleted.
2023-12-16 18:38:47,784 - root - INFO - Test case: test_drop_table_from_db passed
2023-12-16 18:38:47,790 - root - INFO - Teardown Successful
2023-12-16 18:38:47,798 - root - INFO - Setup Starting ...
2023-12-16 18:38:48,236 - root - INFO - BookShelf : creation successful
2023-12-16 18:38:48,242 - root - INFO - Test case: test_read_all_data_from_table passed
2023-12-16 18:38:48,248 - root - INFO - data from table : []
2023-12-16 18:38:48,250 - root - INFO - Test case: test_read_all_data_from_table passed
2023-12-16 18:38:48,275 - root - INFO - Table 'BookShelf' has been deleted.
2023-12-16 18:38:48,275 - root - INFO - Teardown Successful
2023-12-16 18:38:50,643 - root - INFO - Setup Starting ...
2023-12-16 18:38:50,644 - root - INFO - creating db engine ...
2023-12-16 18:38:50,713 - root - INFO - creating session ...
2023-12-16 18:38:50,886 - root - INFO - creating my_table ...
2023-12-16 18:38:50,931 - root - INFO - creating my_table ...
2023-12-16 18:38:51,177 - root - INFO - index has been created at : idx_name
2023-12-16 18:38:51,188 - root - INFO - Test case: test_create_index passed
2023-12-16 18:38:51,189 - root - INFO - Teardown Successful
2023-12-16 18:38:51,198 - root - INFO - Setup Starting ...
2023-12-16 18:38:51,199 - root - INFO - creating db engine ...
2023-12-16 18:38:51,200 - root - INFO - creating session ...
2023-12-16 18:38:51,400 - root - INFO - creating my_table ...
2023-12-16 18:38:51,438 - root - INFO - creating my_table ...
2023-12-16 18:38:51,443 - root - INFO - Test case: test_create_table_if_not_exists passed
2023-12-16 18:38:51,443 - root - INFO - Teardown Successful
2023-12-16 18:38:51,448 - root - INFO - Setup Starting ...
2023-12-16 18:38:51,449 - root - INFO - creating db engine ...
2023-12-16 18:38:51,450 - root - INFO - creating session ...
2023-12-16 18:38:51,625 - root - INFO - creating my_table ...
2023-12-16 18:38:51,674 - root - INFO - creating my_table ...
2023-12-16 18:38:51,696 - root - INFO - table : my_table has been deleted ...
2023-12-16 18:38:51,699 - root - INFO - Test case: test_drop_table passed
2023-12-16 18:38:51,700 - root - INFO - Teardown Successful
2023-12-16 18:38:53,980 - root - INFO - Setup Starting ...
2023-12-16 18:38:54,147 - root - INFO - Test case: test_delete_data passed
2023-12-16 18:38:54,147 - root - INFO - Teardown Successful
2023-12-16 18:38:54,151 - root - INFO - Setup Starting ...
2023-12-16 18:38:54,480 - root - INFO - Test case: test_insert_data passed
2023-12-16 18:38:54,481 - root - INFO - Teardown Successful
2023-12-16 18:38:54,485 - root - INFO - Setup Starting ...
2023-12-16 18:38:54,601 - root - INFO - Test case: test_query_data passed
2023-12-16 18:38:54,601 - root - INFO - Teardown Successful
2023-12-16 18:38:54,604 - root - INFO - Setup Starting ...
2023-12-16 18:38:54,730 - root - INFO - Test case: test_update_data passed
2023-12-16 18:38:54,730 - root - INFO - Teardown Successful
